2019/05/02 22:19:22,203: ERROR 【main】 org.springframework.boot.SpringApplication.reportFailure() 858 - Application run failed
java.lang.NoClassDefFoundError: org/apache/curator/framework/CuratorFrameworkFactory
	at com.alibaba.dubbo.remoting.zookeeper.curator.CuratorZookeeperClient.<init>(CuratorZookeeperClient.java:46)
	at com.alibaba.dubbo.remoting.zookeeper.curator.CuratorZookeeperTransporter.connect(CuratorZookeeperTransporter.java:27)
	at com.alibaba.dubbo.remoting.zookeeper.ZookeeperTransporter$Adaptive.connect(ZookeeperTransporter$Adaptive.java)
	at com.alibaba.dubbo.registry.zookeeper.ZookeeperRegistry.<init>(ZookeeperRegistry.java:69)
	at com.alibaba.dubbo.registry.zookeeper.ZookeeperRegistryFactory.createRegistry(ZookeeperRegistryFactory.java:38)
	at com.alibaba.dubbo.registry.support.AbstractRegistryFactory.getRegistry(AbstractRegistryFactory.java:96)
	at com.alibaba.dubbo.registry.RegistryFactory$Adaptive.getRegistry(RegistryFactory$Adaptive.java)
	at com.alibaba.dubbo.registry.integration.RegistryProtocol.getRegistry(RegistryProtocol.java:203)
	at com.alibaba.dubbo.registry.integration.RegistryProtocol.export(RegistryProtocol.java:137)
	at com.alibaba.dubbo.rpc.protocol.ProtocolListenerWrapper.export(ProtocolListenerWrapper.java:55)
	at com.alibaba.dubbo.rpc.protocol.ProtocolFilterWrapper.export(ProtocolFilterWrapper.java:98)
	at com.alibaba.dubbo.qos.protocol.QosProtocolWrapper.export(QosProtocolWrapper.java:60)
	at com.alibaba.dubbo.rpc.Protocol$Adaptive.export(Protocol$Adaptive.java)
	at com.alibaba.dubbo.config.ServiceConfig.doExportUrlsFor1Protocol(ServiceConfig.java:513)
	at com.alibaba.dubbo.config.ServiceConfig.doExportUrls(ServiceConfig.java:358)
	at com.alibaba.dubbo.config.ServiceConfig.doExport(ServiceConfig.java:317)
	at com.alibaba.dubbo.config.ServiceConfig.export(ServiceConfig.java:216)
	at com.alibaba.dubbo.config.spring.ServiceBean.export(ServiceBean.java:291)
	at com.alibaba.dubbo.config.spring.ServiceBean.onApplicationEvent(ServiceBean.java:131)
	at com.alibaba.dubbo.config.spring.ServiceBean.onApplicationEvent(ServiceBean.java:53)
	at org.springframework.context.event.SimpleApplicationEventMulticaster.doInvokeListener(SimpleApplicationEventMulticaster.java:172)
	at org.springframework.context.event.SimpleApplicationEventMulticaster.invokeListener(SimpleApplicationEventMulticaster.java:165)
	at org.springframework.context.event.SimpleApplicationEventMulticaster.multicastEvent(SimpleApplicationEventMulticaster.java:139)
	at org.springframework.context.support.AbstractApplicationContext.publishEvent(AbstractApplicationContext.java:402)
	at org.springframework.context.support.AbstractApplicationContext.publishEvent(AbstractApplicationContext.java:359)
	at org.springframework.context.support.AbstractApplicationContext.finishRefresh(AbstractApplicationContext.java:896)
	at org.springframework.boot.web.servlet.context.ServletWebServerApplicationContext.finishRefresh(ServletWebServerApplicationContext.java:163)
	at org.springframework.context.support.AbstractApplicationContext.refresh(AbstractApplicationContext.java:552)
	at org.springframework.boot.web.servlet.context.ServletWebServerApplicationContext.refresh(ServletWebServerApplicationContext.java:142)
	at org.springframework.boot.SpringApplication.refresh(SpringApplication.java:775)
	at org.springframework.boot.SpringApplication.refreshContext(SpringApplication.java:397)
	at org.springframework.boot.SpringApplication.run(SpringApplication.java:316)
	at org.springframework.boot.SpringApplication.run(SpringApplication.java:1260)
	at org.springframework.boot.SpringApplication.run(SpringApplication.java:1248)
	at com.liuxl.DemoSpringbootApplication.main(DemoSpringbootApplication.java:13)
Caused by: java.lang.ClassNotFoundException: org.apache.curator.framework.CuratorFrameworkFactory
	at java.net.URLClassLoader.findClass(URLClassLoader.java:381)
	at java.lang.ClassLoader.loadClass(ClassLoader.java:424)
	at sun.misc.Launcher$AppClassLoader.loadClass(Launcher.java:331)
	at java.lang.ClassLoader.loadClass(ClassLoader.java:357)
	... 35 more
